<?xml version="1.0" encoding="UTF-8"?>
<!-- Generated by org.testng.reporters.JUnitReportReporter -->
<testsuite skipped="0" hostname="LAPTOP-NR1KSVT0" name="com.raghib.pomwithoutpagefactory.GoogleSearchPageObjectsTest" tests="1" failures="0" timestamp="2021-04-03T19:26:04 IST" time="14.361" errors="0">
  <testcase name="executeTest" time="14.361" classname="com.raghib.pomwithoutpagefactory.GoogleSearchPageObjectsTest"/>
  <system-out/>
</testsuite> <!-- com.raghib.pomwithoutpagefactory.GoogleSearchPageObjectsTest -->
