<?xml version="1.0" encoding="UTF-8"?>
<!-- Generated by org.testng.reporters.JUnitReportReporter -->
<testsuite skipped="0" hostname="LAPTOP-NR1KSVT0" name="com.raghib.extentreport.ExtentReportDemo" tests="1" failures="0" timestamp="2021-04-03T20:49:05 IST" time="0.951" errors="0">
  <testcase name="landingPage" time="0.951" classname="com.raghib.extentreport.ExtentReportDemo"/>
  <system-out/>
</testsuite> <!-- com.raghib.extentreport.ExtentReportDemo -->
